2021-03-03 22:30:46.327 [restartedMain] INFO  com.wuj.springcloud.DeptProvider_8001 - Starting DeptProvider_8001 using Java 1.8.0_281 on wujiang with PID 4440 (E:\project\springcloud1\spring-provider-dept-8001\target\classes started by PC in E:\project\springcloud1)
2021-03-03 22:30:46.328 [restartedMain] INFO  com.wuj.springcloud.DeptProvider_8001 - No active profile set, falling back to default profiles: default
2021-03-03 22:30:47.220 [restartedMain] INFO  o.s.boot.web.embedded.tomcat.TomcatWebServer - Tomcat initialized with port(s): 8001 (http)
2021-03-03 22:30:47.222 [restartedMain] INFO  org.apache.catalina.core.StandardService - Starting service [Tomcat]
2021-03-03 22:30:47.224 [restartedMain] INFO  org.apache.catalina.core.StandardEngine - Starting Servlet engine: [Apache Tomcat/9.0.43]
2021-03-03 22:30:47.268 [restartedMain] INFO  o.a.c.c.C.[Tomcat].[localhost].[/dept-provider] - Initializing Spring embedded WebApplicationContext
2021-03-03 22:30:47.268 [restartedMain] INFO  o.s.b.w.s.c.ServletWebServerApplicationContext - Root WebApplicationContext: initialization completed in 929 ms
2021-03-03 22:30:47.304 [restartedMain] INFO  c.a.d.s.b.a.DruidDataSourceAutoConfigure - Init DruidDataSource
2021-03-03 22:30:47.374 [restartedMain] INFO  com.alibaba.druid.pool.DruidDataSource - {dataSource-2} inited
2021-03-03 22:30:47.488 [restartedMain] INFO  o.s.scheduling.concurrent.ThreadPoolTaskExecutor - Initializing ExecutorService 'applicationTaskExecutor'
2021-03-03 22:30:47.584 [restartedMain] INFO  o.s.b.d.autoconfigure.OptionalLiveReloadServer - LiveReload server is running on port 35729
2021-03-03 22:30:47.626 [restartedMain] INFO  o.s.boot.web.embedded.tomcat.TomcatWebServer - Tomcat started on port(s): 8001 (http) with context path '/dept-provider'
2021-03-03 22:30:47.632 [restartedMain] INFO  com.wuj.springcloud.DeptProvider_8001 - Started DeptProvider_8001 in 1.445 seconds (JVM running for 2526.339)
2021-03-03 22:30:47.636 [restartedMain] INFO  o.s.b.d.a.ConditionEvaluationDeltaLoggingListener - Condition evaluation unchanged
2021-03-03 22:30:50.525 [restartedMain] INFO  com.wuj.springcloud.DeptProvider_8001 - Starting DeptProvider_8001 using Java 1.8.0_281 on wujiang with PID 9244 (E:\project\springcloud1\spring-provider-dept-8001\target\classes started by PC in E:\project\springcloud1)
2021-03-03 22:30:50.534 [restartedMain] INFO  com.wuj.springcloud.DeptProvider_8001 - No active profile set, falling back to default profiles: default
2021-03-03 22:30:50.716 [restartedMain] INFO  o.s.b.d.env.DevToolsPropertyDefaultsPostProcessor - Devtools property defaults active! Set 'spring.devtools.add-properties' to 'false' to disable
2021-03-03 22:30:50.716 [restartedMain] INFO  o.s.b.d.env.DevToolsPropertyDefaultsPostProcessor - For additional web related logging consider setting the 'logging.level.web' property to 'DEBUG'
2021-03-03 22:30:53.586 [restartedMain] INFO  o.s.boot.web.embedded.tomcat.TomcatWebServer - Tomcat initialized with port(s): 8001 (http)
2021-03-03 22:30:53.656 [restartedMain] INFO  org.apache.coyote.http11.Http11NioProtocol - Initializing ProtocolHandler ["http-nio-8001"]
2021-03-03 22:30:53.658 [restartedMain] INFO  org.apache.catalina.core.StandardService - Starting service [Tomcat]
2021-03-03 22:30:53.659 [restartedMain] INFO  org.apache.catalina.core.StandardEngine - Starting Servlet engine: [Apache Tomcat/9.0.43]
2021-03-03 22:30:53.899 [restartedMain] INFO  o.a.c.c.C.[Tomcat].[localhost].[/dept-provider] - Initializing Spring embedded WebApplicationContext
2021-03-03 22:30:53.900 [restartedMain] INFO  o.s.b.w.s.c.ServletWebServerApplicationContext - Root WebApplicationContext: initialization completed in 3182 ms
2021-03-03 22:30:54.101 [restartedMain] INFO  c.a.d.s.b.a.DruidDataSourceAutoConfigure - Init DruidDataSource
2021-03-03 22:30:54.429 [restartedMain] INFO  com.alibaba.druid.pool.DruidDataSource - {dataSource-1} inited
2021-03-03 22:30:55.344 [restartedMain] INFO  o.s.scheduling.concurrent.ThreadPoolTaskExecutor - Initializing ExecutorService 'applicationTaskExecutor'
2021-03-03 22:30:55.918 [restartedMain] INFO  org.apache.coyote.http11.Http11NioProtocol - Starting ProtocolHandler ["http-nio-8001"]
2021-03-03 22:30:55.943 [restartedMain] INFO  o.s.scheduling.concurrent.ThreadPoolTaskExecutor - Shutting down ExecutorService 'applicationTaskExecutor'
2021-03-03 22:30:55.946 [restartedMain] INFO  com.alibaba.druid.pool.DruidDataSource - {dataSource-1} closed
2021-03-03 22:30:55.953 [restartedMain] INFO  org.apache.coyote.http11.Http11NioProtocol - Pausing ProtocolHandler ["http-nio-8001"]
2021-03-03 22:30:55.953 [restartedMain] INFO  org.apache.catalina.core.StandardService - Stopping service [Tomcat]
2021-03-03 22:30:55.966 [restartedMain] INFO  org.apache.coyote.http11.Http11NioProtocol - Stopping ProtocolHandler ["http-nio-8001"]
2021-03-03 22:30:55.967 [restartedMain] INFO  org.apache.coyote.http11.Http11NioProtocol - Destroying ProtocolHandler ["http-nio-8001"]
2021-03-03 22:30:55.986 [restartedMain] INFO  o.s.b.a.l.ConditionEvaluationReportLoggingListener - 

Error starting ApplicationContext. To display the conditions report re-run your application with 'debug' enabled.
2021-03-03 22:31:30.959 [restartedMain] INFO  com.wuj.springcloud.DeptProvider_8001 - Starting DeptProvider_8001 using Java 1.8.0_281 on wujiang with PID 14120 (E:\project\springcloud1\spring-provider-dept-8001\target\classes started by PC in E:\project\springcloud1)
2021-03-03 22:31:30.966 [restartedMain] INFO  com.wuj.springcloud.DeptProvider_8001 - No active profile set, falling back to default profiles: default
2021-03-03 22:31:31.132 [restartedMain] INFO  o.s.b.d.env.DevToolsPropertyDefaultsPostProcessor - Devtools property defaults active! Set 'spring.devtools.add-properties' to 'false' to disable
2021-03-03 22:31:31.133 [restartedMain] INFO  o.s.b.d.env.DevToolsPropertyDefaultsPostProcessor - For additional web related logging consider setting the 'logging.level.web' property to 'DEBUG'
2021-03-03 22:31:33.861 [restartedMain] INFO  o.s.boot.web.embedded.tomcat.TomcatWebServer - Tomcat initialized with port(s): 8001 (http)
2021-03-03 22:31:33.903 [restartedMain] INFO  org.apache.coyote.http11.Http11NioProtocol - Initializing ProtocolHandler ["http-nio-8001"]
2021-03-03 22:31:33.905 [restartedMain] INFO  org.apache.catalina.core.StandardService - Starting service [Tomcat]
2021-03-03 22:31:33.905 [restartedMain] INFO  org.apache.catalina.core.StandardEngine - Starting Servlet engine: [Apache Tomcat/9.0.43]
2021-03-03 22:31:34.148 [restartedMain] INFO  o.a.c.c.C.[Tomcat].[localhost].[/dept-provider] - Initializing Spring embedded WebApplicationContext
2021-03-03 22:31:34.149 [restartedMain] INFO  o.s.b.w.s.c.ServletWebServerApplicationContext - Root WebApplicationContext: initialization completed in 3014 ms
2021-03-03 22:31:34.373 [restartedMain] INFO  c.a.d.s.b.a.DruidDataSourceAutoConfigure - Init DruidDataSource
2021-03-03 22:31:34.674 [restartedMain] INFO  com.alibaba.druid.pool.DruidDataSource - {dataSource-1} inited
2021-03-03 22:31:35.553 [restartedMain] INFO  o.s.scheduling.concurrent.ThreadPoolTaskExecutor - Initializing ExecutorService 'applicationTaskExecutor'
2021-03-03 22:31:36.106 [restartedMain] INFO  org.apache.coyote.http11.Http11NioProtocol - Starting ProtocolHandler ["http-nio-8001"]
2021-03-03 22:31:36.145 [restartedMain] INFO  o.s.scheduling.concurrent.ThreadPoolTaskExecutor - Shutting down ExecutorService 'applicationTaskExecutor'
2021-03-03 22:31:36.149 [restartedMain] INFO  com.alibaba.druid.pool.DruidDataSource - {dataSource-1} closed
2021-03-03 22:31:36.155 [restartedMain] INFO  org.apache.coyote.http11.Http11NioProtocol - Pausing ProtocolHandler ["http-nio-8001"]
2021-03-03 22:31:36.156 [restartedMain] INFO  org.apache.catalina.core.StandardService - Stopping service [Tomcat]
2021-03-03 22:31:36.167 [restartedMain] INFO  org.apache.coyote.http11.Http11NioProtocol - Stopping ProtocolHandler ["http-nio-8001"]
2021-03-03 22:31:36.168 [restartedMain] INFO  org.apache.coyote.http11.Http11NioProtocol - Destroying ProtocolHandler ["http-nio-8001"]
2021-03-03 22:31:36.187 [restartedMain] INFO  o.s.b.a.l.ConditionEvaluationReportLoggingListener - 

Error starting ApplicationContext. To display the conditions report re-run your application with 'debug' enabled.
2021-03-03 22:31:54.273 [http-nio-8001-exec-1] INFO  o.a.c.c.C.[Tomcat].[localhost].[/dept-provider] - Initializing Spring DispatcherServlet 'dispatcherServlet'
2021-03-03 22:31:54.275 [http-nio-8001-exec-1] INFO  org.springframework.web.servlet.DispatcherServlet - Initializing Servlet 'dispatcherServlet'
2021-03-03 22:31:54.278 [http-nio-8001-exec-1] INFO  org.springframework.web.servlet.DispatcherServlet - Completed initialization in 2 ms
2021-03-03 22:35:06.458 [Thread-18] INFO  o.s.scheduling.concurrent.ThreadPoolTaskExecutor - Shutting down ExecutorService 'applicationTaskExecutor'
2021-03-03 22:35:06.461 [Thread-18] INFO  com.alibaba.druid.pool.DruidDataSource - {dataSource-2} closed
