2021-03-03 22:24:24.276 [restartedMain] ERROR o.s.b.diagnostics.LoggingFailureAnalysisReporter - 

***************************
APPLICATION FAILED TO START
***************************

Description:

Failed to bind properties under 'logging.level.config' to org.springframework.boot.logging.LogLevel:

    Property: logging.level.config
    Value: classpath:logback-spring.xml.xml
    Origin: class path resource [application.yml] - 24:13
    Reason: failed to convert java.lang.String to org.springframework.boot.logging.LogLevel

Action:

Update your application's configuration. The following values are valid:

    DEBUG
    ERROR
    FATAL
    INFO
    OFF
    TRACE
    WARN

2021-03-03 22:24:28.497 [restartedMain] ERROR o.s.b.diagnostics.LoggingFailureAnalysisReporter - 

***************************
APPLICATION FAILED TO START
***************************

Description:

Failed to bind properties under 'logging.level.config' to org.springframework.boot.logging.LogLevel:

    Property: logging.level.config
    Value: classpath:logback-spring.xml.xml
    Origin: class path resource [application.yml] - 24:13
    Reason: failed to convert java.lang.String to org.springframework.boot.logging.LogLevel

Action:

Update your application's configuration. The following values are valid:

    DEBUG
    ERROR
    FATAL
    INFO
    OFF
    TRACE
    WARN

2021-03-03 22:25:57.895 [restartedMain] ERROR o.s.b.diagnostics.LoggingFailureAnalysisReporter - 

***************************
APPLICATION FAILED TO START
***************************

Description:

Failed to bind properties under 'logging.level.config' to org.springframework.boot.logging.LogLevel:

    Property: logging.level.config
    Value: classpath:/logback-spring.xml.xml
    Origin: class path resource [application.yml] - 25:13
    Reason: failed to convert java.lang.String to org.springframework.boot.logging.LogLevel

Action:

Update your application's configuration. The following values are valid:

    DEBUG
    ERROR
    FATAL
    INFO
    OFF
    TRACE
    WARN

2021-03-03 22:26:02.696 [restartedMain] ERROR o.s.b.diagnostics.LoggingFailureAnalysisReporter - 

***************************
APPLICATION FAILED TO START
***************************

Description:

Failed to bind properties under 'logging.level.config' to org.springframework.boot.logging.LogLevel:

    Property: logging.level.config
    Value: classpath:/logback-spring.xml.xml
    Origin: class path resource [application.yml] - 25:13
    Reason: failed to convert java.lang.String to org.springframework.boot.logging.LogLevel

Action:

Update your application's configuration. The following values are valid:

    DEBUG
    ERROR
    FATAL
    INFO
    OFF
    TRACE
    WARN

2021-03-03 22:30:56.038 [restartedMain] ERROR o.s.b.diagnostics.LoggingFailureAnalysisReporter - 

***************************
APPLICATION FAILED TO START
***************************

Description:

Web server failed to start. Port 8001 was already in use.

Action:

Identify and stop the process that's listening on port 8001 or configure this application to listen on another port.

2021-03-03 22:31:36.249 [restartedMain] ERROR o.s.b.diagnostics.LoggingFailureAnalysisReporter - 

***************************
APPLICATION FAILED TO START
***************************

Description:

Web server failed to start. Port 8001 was already in use.

Action:

Identify and stop the process that's listening on port 8001 or configure this application to listen on another port.

